生成启动时间为 2020/3/24 13:41:26。
     1>项目“G:\lesson002\Contact\Contact\Contact.vcxproj”在节点 2 上(Build 个目标)。
     1>ClCompile:
         F:\VS\vs\VC\bin\CL.exe /c /ZI /nologo /W3 /WX- /sdl /Od /Oy- /D _MBCS /Gm /EHsc /RTC1 /MDd /GS /fp:precise /Zc:wchar_t /Zc:forScope /Fo"Debug\\" /Fd"Debug\vc120.pdb" /Gd /TC /analyze- /errorReport:prompt ContactFile.c
         ContactFile.c
       Link:
         F:\VS\vs\VC\bin\link.exe /ERRORREPORT:PROMPT /OUT:"G:\lesson002\Contact\Debug\Contact.exe" /INCREMENTAL /NOLOGO kernel32.lib user32.lib gdi32.lib winspool.lib comdlg32.lib advapi32.lib shell32.lib ole32.lib oleaut32.lib uuid.lib odbc32.lib odbccp32.lib /MANIFEST /MANIFESTUAC:"level='asInvoker' uiAccess='false'" /manifest:embed /DEBUG /PDB:"G:\lesson002\Contact\Debug\Contact.pdb" /TLBID:1 /DYNAMICBASE /NXCOMPAT /IMPLIB:"G:\lesson002\Contact\Debug\Contact.lib" /MACHINE:X86 Debug\bbtt.obj
         Debug\bt.obj
         Debug\Contact.obj
         Debug\contactDynamic.obj
         Debug\ContactFile.obj
         Debug\contact_p.obj
         Debug\Dynamic_Array.obj
         Debug\ght.obj
         Debug\gobang.obj
         Debug\gobang_p.obj
         Debug\LinkedList.obj
         Debug\Array.obj
         Debug\LinkLT.obj
         Debug\rescue.obj
         Debug\snk.obj
         Debug\sort.obj
         Debug\t.obj
         Debug\test.obj
         Debug\tic_tac_toe.obj
         Debug\ZHENG.obj
         Contact.vcxproj -> G:\lesson002\Contact\Debug\Contact.exe
     1>已完成生成项目“G:\lesson002\Contact\Contact\Contact.vcxproj”(Build 个目标)的操作。

生成成功。

已用时间 00:00:00.51
